<?xml version="1.0" encoding="UTF-8"?>
<!-- Generated by org.testng.reporters.JUnitXMLReporter -->
<testsuite ignored="0" hostname="ThejashreeCG" failures="0" tests="3" name="SprintExecution" time="22.137" errors="0" timestamp="2025-08-13T10:15:04 IST">
  <testcase classname="FinalProjectUseCase.Download" name="fillSprintForm" time="12.211"/>
  <testcase classname="FinalProjectUseCase.Download" name="confirmSprintPopup" time="0.153"/>
  <testcase classname="FinalProjectUseCase.Download" name="downloadWeeklyReport" time="3.94"/>
</testsuite> <!-- SprintExecution -->
