<?xml version="1.0" encoding="UTF-8"?>
<!-- Generated by org.testng.reporters.JUnitXMLReporter -->
<testsuite ignored="0" hostname="ThejashreeCG" failures="0" tests="6" name="Test" time="31.77" errors="0" timestamp="2025-08-12T13:30:52 IST">
  <testcase classname="FinalProjectUseCase.usecase" name="CreateProjectWithEmployees" time="5.667"/>
  <testcase classname="FinalProjectUseCase.usecase" name="NavToHomePage" time="0.409"/>
  <testcase classname="FinalProjectUseCase.usecase" name="ClickUpdate" time="0.764"/>
  <testcase classname="FinalProjectUseCase.usecase" name="UpdateEmployeeRoles" time="15.839"/>
  <testcase classname="FinalProjectUseCase.usecase" name="SubmitUpdate" time="0.087"/>
  <testcase classname="FinalProjectUseCase.usecase" name="ConfirmPopup" time="0.199"/>
</testsuite> <!-- Test -->
