<?xml version="1.0" encoding="UTF-8"?>
<testng-results ignored="0" total="9" passed="9" failed="0" skipped="0">
  <reporter-output>
  </reporter-output>
  <suite started-at="2025-08-13T10:13:47 IST" name="Suite" finished-at="2025-08-13T10:15:04 IST" duration-ms="76701">
    <groups>
    </groups>
    <test started-at="2025-08-13T10:13:47 IST" name="Test" finished-at="2025-08-13T10:14:41 IST" duration-ms="53794">
      <class name="FinalProjectUseCase.usecase">
        <test-method is-config="true" signature="OpenApp()[pri:0, instance:FinalProjectUseCase.usecase@5bf0d49]" started-at="2025-08-13T10:13:47 IST" name="OpenApp" finished-at="2025-08-13T10:14:10 IST" duration-ms="23034" status="PASS">
          <reporter-output>
          </reporter-output>
        </test-method> <!-- OpenApp -->
        <test-method signature="CreateProjectWithEmployees()[pri:1, instance:FinalProjectUseCase.usecase@5bf0d49]" started-at="2025-08-13T10:14:10 IST" name="CreateProjectWithEmployees" finished-at="2025-08-13T10:14:21 IST" duration-ms="10639" status="PASS">
          <reporter-output>
          </reporter-output>
        </test-method> <!-- CreateProjectWithEmployees -->
        <test-method signature="NavToHomePage()[pri:2, instance:FinalProjectUseCase.usecase@5bf0d49]" started-at="2025-08-13T10:14:21 IST" name="NavToHomePage" finished-at="2025-08-13T10:14:22 IST" duration-ms="506" status="PASS">
          <reporter-output>
          </reporter-output>
        </test-method> <!-- NavToHomePage -->
        <test-method signature="ClickUpdate()[pri:3, instance:FinalProjectUseCase.usecase@5bf0d49]" started-at="2025-08-13T10:14:22 IST" name="ClickUpdate" finished-at="2025-08-13T10:14:23 IST" duration-ms="1066" status="PASS">
          <reporter-output>
          </reporter-output>
        </test-method> <!-- ClickUpdate -->
        <test-method signature="UpdateEmployeeRoles()[pri:4, instance:FinalProjectUseCase.usecase@5bf0d49]" started-at="2025-08-13T10:14:23 IST" name="UpdateEmployeeRoles" finished-at="2025-08-13T10:14:39 IST" duration-ms="16361" status="PASS">
          <reporter-output>
          </reporter-output>
        </test-method> <!-- UpdateEmployeeRoles -->
        <test-method signature="SubmitUpdate()[pri:5, instance:FinalProjectUseCase.usecase@5bf0d49]" started-at="2025-08-13T10:14:39 IST" name="SubmitUpdate" finished-at="2025-08-13T10:14:39 IST" duration-ms="133" status="PASS">
          <reporter-output>
          </reporter-output>
        </test-method> <!-- SubmitUpdate -->
        <test-method signature="ConfirmPopup()[pri:6, instance:FinalProjectUseCase.usecase@5bf0d49]" started-at="2025-08-13T10:14:39 IST" name="ConfirmPopup" finished-at="2025-08-13T10:14:40 IST" duration-ms="442" status="PASS">
          <reporter-output>
          </reporter-output>
        </test-method> <!-- ConfirmPopup -->
        <test-method is-config="true" signature="tearDown()[pri:0, instance:FinalProjectUseCase.usecase@5bf0d49]" started-at="2025-08-13T10:14:40 IST" name="tearDown" finished-at="2025-08-13T10:14:41 IST" duration-ms="910" status="PASS">
          <reporter-output>
          </reporter-output>
        </test-method> <!-- tearDown -->
      </class> <!-- FinalProjectUseCase.usecase -->
    </test> <!-- Test -->
    <test started-at="2025-08-13T10:14:41 IST" name="SprintExecution" finished-at="2025-08-13T10:15:04 IST" duration-ms="22137">
      <class name="FinalProjectUseCase.Download">
        <test-method is-config="true" signature="openApplication()[pri:0, instance:FinalProjectUseCase.Download@2cd76f31]" started-at="2025-08-13T10:14:41 IST" name="openApplication" finished-at="2025-08-13T10:14:47 IST" duration-ms="5415" status="PASS">
          <reporter-output>
          </reporter-output>
        </test-method> <!-- openApplication -->
        <test-method signature="fillSprintForm()[pri:1, instance:FinalProjectUseCase.Download@2cd76f31]" started-at="2025-08-13T10:14:47 IST" name="fillSprintForm" finished-at="2025-08-13T10:14:59 IST" duration-ms="12211" status="PASS">
          <reporter-output>
          </reporter-output>
        </test-method> <!-- fillSprintForm -->
        <test-method signature="confirmSprintPopup()[pri:2, instance:FinalProjectUseCase.Download@2cd76f31]" started-at="2025-08-13T10:14:59 IST" name="confirmSprintPopup" finished-at="2025-08-13T10:14:59 IST" duration-ms="153" status="PASS">
          <reporter-output>
          </reporter-output>
        </test-method> <!-- confirmSprintPopup -->
        <test-method signature="downloadWeeklyReport()[pri:3, instance:FinalProjectUseCase.Download@2cd76f31]" started-at="2025-08-13T10:14:59 IST" name="downloadWeeklyReport" finished-at="2025-08-13T10:15:03 IST" duration-ms="3940" status="PASS">
          <reporter-output>
          </reporter-output>
        </test-method> <!-- downloadWeeklyReport -->
        <test-method is-config="true" signature="closeBrowser()[pri:0, instance:FinalProjectUseCase.Download@2cd76f31]" started-at="2025-08-13T10:15:03 IST" name="closeBrowser" finished-at="2025-08-13T10:15:04 IST" duration-ms="391" status="PASS">
          <reporter-output>
          </reporter-output>
        </test-method> <!-- closeBrowser -->
      </class> <!-- FinalProjectUseCase.Download -->
    </test> <!-- SprintExecution -->
  </suite> <!-- Suite -->
</testng-results>
